# JRE version: Java(TM) SE Runtime Environment (8.0_65-b17) (build 1.8.0_65-b17)
# Java VM: Java HotSpot(TM) 64-Bit Server VM (25.65-b01 mixed mode windows-amd64 compressed oops)
Heap:
 PSYoungGen      total 315904K, used 80269K [0x00000000eab00000, 0x00000000ff600000, 0x0000000100000000)
  eden space 295936K, 27% used [0x00000000eab00000,0x00000000ef9634b0,0x00000000fcc00000)
  from space 19968K, 0% used [0x00000000fe280000,0x00000000fe280000,0x00000000ff600000)
  to   space 21504K, 0% used [0x00000000fcc00000,0x00000000fcc00000,0x00000000fe100000)
 ParOldGen       total 170496K, used 46838K [0x00000000c0000000, 0x00000000ca680000, 0x00000000eab00000)
  object space 170496K, 27% used [0x00000000c0000000,0x00000000c2dbd900,0x00000000ca680000)
 Metaspace       used 59571K, capacity 64180K, committed 64384K, reserved 1105920K
  class space    used 7773K, capacity 8402K, committed 8576K, reserved 1048576K
GC Heap History (10 events):
Event: 2117.045 GC heap before
{Heap before GC invocations=31 (full 11):
 PSYoungGen      total 318464K, used 3126K [0x00000000eab00000, 0x00000000ffa00000, 0x0000000100000000)
  eden space 295936K, 0% used [0x00000000eab00000,0x00000000eab00000,0x00000000fcc00000)
  from space 22528K, 13% used [0x00000000fe400000,0x00000000fe70da70,0x00000000ffa00000)
  to   space 23552K, 0% used [0x00000000fcc00000,0x00000000fcc00000,0x00000000fe300000)
 ParOldGen       total 170496K, used 44393K [0x00000000c0000000, 0x00000000ca680000, 0x00000000eab00000)
  object space 170496K, 26% used [0x00000000c0000000,0x00000000c2b5a540,0x00000000ca680000)
 Metaspace       used 59081K, capacity 63426K, committed 63872K, reserved 1103872K
  class space    used 7720K, capacity 8352K, committed 8576K, reserved 1048576K
Event: 2117.294 GC heap after
Heap after GC invocations=31 (full 11):
 PSYoungGen      total 318464K, used 0K [0x00000000eab00000, 0x00000000ffa00000, 0x0000000100000000)
  eden space 295936K, 0% used [0x00000000eab00000,0x00000000eab00000,0x00000000fcc00000)
  from space 22528K, 0% used [0x00000000fe400000,0x00000000fe400000,0x00000000ffa00000)
  to   space 23552K, 0% used [0x00000000fcc00000,0x00000000fcc00000,0x00000000fe300000)
 ParOldGen       total 170496K, used 44655K [0x00000000c0000000, 0x00000000ca680000, 0x00000000eab00000)
  object space 170496K, 26% used [0x00000000c0000000,0x00000000c2b9bf50,0x00000000ca680000)
 Metaspace       used 59081K, capacity 63426K, committed 63872K, reserved 1103872K
  class space    used 7720K, capacity 8352K, committed 8576K, reserved 1048576K
}
Event: 2255.656 GC heap before
{Heap before GC invocations=32 (full 11):
 PSYoungGen      total 318464K, used 142627K [0x00000000eab00000, 0x00000000ffa00000, 0x0000000100000000)
  eden space 295936K, 48% used [0x00000000eab00000,0x00000000f3648d20,0x00000000fcc00000)
  from space 22528K, 0% used [0x00000000fe400000,0x00000000fe400000,0x00000000ffa00000)
  to   space 23552K, 0% used [0x00000000fcc00000,0x00000000fcc00000,0x00000000fe300000)
 ParOldGen       total 170496K, used 44655K [0x00000000c0000000, 0x00000000ca680000, 0x00000000eab00000)
  object space 170496K, 26% used [0x00000000c0000000,0x00000000c2b9bf50,0x00000000ca680000)
 Metaspace       used 59152K, capacity 63522K, committed 63872K, reserved 1103872K
  class space    used 7728K, capacity 8359K, committed 8576K, reserved 1048576K
Event: 2255.658 GC heap after
Heap after GC invocations=32 (full 11):
 PSYoungGen      total 297984K, used 1567K [0x00000000eab00000, 0x00000000ff900000, 0x0000000100000000)
  eden space 295936K, 0% used [0x00000000eab00000,0x00000000eab00000,0x00000000fcc00000)
  from space 2048K, 76% used [0x00000000fcc00000,0x00000000fcd87c50,0x00000000fce00000)
  to   space 23040K, 0% used [0x00000000fe280000,0x00000000fe280000,0x00000000ff900000)
 ParOldGen       total 170496K, used 44663K [0x00000000c0000000, 0x00000000ca680000, 0x00000000eab00000)
  object space 170496K, 26% used [0x00000000c0000000,0x00000000c2b9df50,0x00000000ca680000)
 Metaspace       used 59152K, capacity 63522K, committed 63872K, reserved 1103872K
  class space    used 7728K, capacity 8359K, committed 8576K, reserved 1048576K
}
Event: 2255.658 GC heap before
{Heap before GC invocations=33 (full 12):
 PSYoungGen      total 297984K, used 1567K [0x00000000eab00000, 0x00000000ff900000, 0x0000000100000000)
  eden space 295936K, 0% used [0x00000000eab00000,0x00000000eab00000,0x00000000fcc00000)
  from space 2048K, 76% used [0x00000000fcc00000,0x00000000fcd87c50,0x00000000fce00000)
  to   space 23040K, 0% used [0x00000000fe280000,0x00000000fe280000,0x00000000ff900000)
 ParOldGen       total 170496K, used 44663K [0x00000000c0000000, 0x00000000ca680000, 0x00000000eab00000)
  object space 170496K, 26% used [0x00000000c0000000,0x00000000c2b9df50,0x00000000ca680000)
 Metaspace       used 59152K, capacity 63522K, committed 63872K, reserved 1103872K
  class space    used 7728K, capacity 8359K, committed 8576K, reserved 1048576K
Event: 2255.762 GC heap after
Heap after GC invocations=33 (full 12):
 PSYoungGen      total 297984K, used 0K [0x00000000eab00000, 0x00000000ff900000, 0x0000000100000000)
  eden space 295936K, 0% used [0x00000000eab00000,0x00000000eab00000,0x00000000fcc00000)
  from space 2048K, 0% used [0x00000000fcc00000,0x00000000fcc00000,0x00000000fce00000)
  to   space 23040K, 0% used [0x00000000fe280000,0x00000000fe280000,0x00000000ff900000)
 ParOldGen       total 170496K, used 43496K [0x00000000c0000000, 0x00000000ca680000, 0x00000000eab00000)
  object space 170496K, 25% used [0x00000000c0000000,0x00000000c2a7a170,0x00000000ca680000)
 Metaspace       used 59152K, capacity 63522K, committed 63872K, reserved 1103872K
  class space    used 7728K, capacity 8359K, committed 8576K, reserved 1048576K
}
Event: 2618.896 GC heap before
{Heap before GC invocations=34 (full 12):
 PSYoungGen      total 297984K, used 270425K [0x00000000eab00000, 0x00000000ff900000, 0x0000000100000000)
  eden space 295936K, 91% used [0x00000000eab00000,0x00000000fb316680,0x00000000fcc00000)
  from space 2048K, 0% used [0x00000000fcc00000,0x00000000fcc00000,0x00000000fce00000)
  to   space 23040K, 0% used [0x00000000fe280000,0x00000000fe280000,0x00000000ff900000)
 ParOldGen       total 170496K, used 43496K [0x00000000c0000000, 0x00000000ca680000, 0x00000000eab00000)
  object space 170496K, 25% used [0x00000000c0000000,0x00000000c2a7a170,0x00000000ca680000)
 Metaspace       used 59378K, capacity 63840K, committed 64128K, reserved 1105920K
  class space    used 7748K, capacity 8374K, committed 8576K, reserved 1048576K
Event: 2618.902 GC heap after
Heap after GC invocations=34 (full 12):
 PSYoungGen      total 315904K, used 5174K [0x00000000eab00000, 0x00000000ff600000, 0x0000000100000000)
  eden space 295936K, 0% used [0x00000000eab00000,0x00000000eab00000,0x00000000fcc00000)
  from space 19968K, 25% used [0x00000000fe280000,0x00000000fe78d998,0x00000000ff600000)
  to   space 21504K, 0% used [0x00000000fcc00000,0x00000000fcc00000,0x00000000fe100000)
 ParOldGen       total 170496K, used 43504K [0x00000000c0000000, 0x00000000ca680000, 0x00000000eab00000)
  object space 170496K, 25% used [0x00000000c0000000,0x00000000c2a7c170,0x00000000ca680000)
 Metaspace       used 59378K, capacity 63840K, committed 64128K, reserved 1105920K
  class space    used 7748K, capacity 8374K, committed 8576K, reserved 1048576K
}
Event: 2618.902 GC heap before
{Heap before GC invocations=35 (full 13):
 PSYoungGen      total 315904K, used 5174K [0x00000000eab00000, 0x00000000ff600000, 0x0000000100000000)
  eden space 295936K, 0% used [0x00000000eab00000,0x00000000eab00000,0x00000000fcc00000)
  from space 19968K, 25% used [0x00000000fe280000,0x00000000fe78d998,0x00000000ff600000)
  to   space 21504K, 0% used [0x00000000fcc00000,0x00000000fcc00000,0x00000000fe100000)
 ParOldGen       total 170496K, used 43504K [0x00000000c0000000, 0x00000000ca680000, 0x00000000eab00000)
  object space 170496K, 25% used [0x00000000c0000000,0x00000000c2a7c170,0x00000000ca680000)
 Metaspace       used 59378K, capacity 63840K, committed 64128K, reserved 1105920K
  class space    used 7748K, capacity 8374K, committed 8576K, reserved 1048576K
Event: 2619.037 GC heap after
Heap after GC invocations=35 (full 13):
 PSYoungGen      total 315904K, used 0K [0x00000000eab00000, 0x00000000ff600000, 0x0000000100000000)
  eden space 295936K, 0% used [0x00000000eab00000,0x00000000eab00000,0x00000000fcc00000)
  from space 19968K, 0% used [0x00000000fe280000,0x00000000fe280000,0x00000000ff600000)
  to   space 21504K, 0% used [0x00000000fcc00000,0x00000000fcc00000,0x00000000fe100000)
 ParOldGen       total 170496K, used 46838K [0x00000000c0000000, 0x00000000ca680000, 0x00000000eab00000)
  object space 170496K, 27% used [0x00000000c0000000,0x00000000c2dbd900,0x00000000ca680000)
 Metaspace       used 59378K, capacity 63840K, committed 64128K, reserved 1105920K
  class space    used 7748K, capacity 8374K, committed 8576K, reserved 1048576K
}

